mode: count
github.com/MGerasimchuk/bet-api/internal/domain/model/account.go:12.54,14.2 1 6
github.com/MGerasimchuk/bet-api/internal/domain/model/account.go:16.31,18.2 1 2
github.com/MGerasimchuk/bet-api/internal/domain/model/account.go:20.37,22.2 1 3
github.com/MGerasimchuk/bet-api/internal/domain/model/account.go:24.36,25.39 1 4
github.com/MGerasimchuk/bet-api/internal/domain/model/account.go:28.2,28.44 1 3
github.com/MGerasimchuk/bet-api/internal/domain/model/account.go:32.2,32.12 1 2
github.com/MGerasimchuk/bet-api/internal/domain/model/account.go:25.39,27.3 1 1
github.com/MGerasimchuk/bet-api/internal/domain/model/account.go:28.44,30.3 1 1
github.com/MGerasimchuk/bet-api/internal/domain/model/account.go:35.38,36.16 1 6
github.com/MGerasimchuk/bet-api/internal/domain/model/account.go:40.2,40.12 1 4
github.com/MGerasimchuk/bet-api/internal/domain/model/account.go:36.16,38.3 1 2
github.com/MGerasimchuk/bet-api/internal/domain/model/account.go:43.43,44.19 1 6
github.com/MGerasimchuk/bet-api/internal/domain/model/account.go:48.2,48.12 1 4
github.com/MGerasimchuk/bet-api/internal/domain/model/account.go:44.19,46.3 1 2
github.com/MGerasimchuk/bet-api/internal/domain/model/bet.go:20.88,22.2 1 4
github.com/MGerasimchuk/bet-api/internal/domain/model/bet.go:24.34,26.2 1 2
github.com/MGerasimchuk/bet-api/internal/domain/model/bet.go:28.30,30.2 1 2
github.com/MGerasimchuk/bet-api/internal/domain/model/bet.go:32.32,34.2 1 2
github.com/MGerasimchuk/bet-api/internal/domain/model/bet.go:36.38,38.2 1 2
github.com/MGerasimchuk/bet-api/internal/domain/model/bet.go:40.28,42.2 1 3
github.com/MGerasimchuk/bet-api/internal/domain/model/bet.go:44.29,46.2 1 3
github.com/MGerasimchuk/bet-api/internal/domain/model/bet.go:48.36,53.2 1 9
github.com/MGerasimchuk/bet-api/internal/domain/model/bet.go:55.32,56.46 1 7
github.com/MGerasimchuk/bet-api/internal/domain/model/bet.go:59.2,59.50 1 6
github.com/MGerasimchuk/bet-api/internal/domain/model/bet.go:62.2,62.42 1 5
github.com/MGerasimchuk/bet-api/internal/domain/model/bet.go:65.2,65.43 1 4
github.com/MGerasimchuk/bet-api/internal/domain/model/bet.go:69.2,69.12 1 2
github.com/MGerasimchuk/bet-api/internal/domain/model/bet.go:56.46,58.3 1 1
github.com/MGerasimchuk/bet-api/internal/domain/model/bet.go:59.50,61.3 1 1
github.com/MGerasimchuk/bet-api/internal/domain/model/bet.go:62.42,64.3 1 1
github.com/MGerasimchuk/bet-api/internal/domain/model/bet.go:65.43,67.3 1 2
github.com/MGerasimchuk/bet-api/internal/domain/model/bet.go:72.41,73.23 1 10
github.com/MGerasimchuk/bet-api/internal/domain/model/bet.go:77.2,77.12 1 8
github.com/MGerasimchuk/bet-api/internal/domain/model/bet.go:73.23,75.3 1 2
github.com/MGerasimchuk/bet-api/internal/domain/model/bet.go:80.45,81.27 1 9
github.com/MGerasimchuk/bet-api/internal/domain/model/bet.go:85.2,85.12 1 7
github.com/MGerasimchuk/bet-api/internal/domain/model/bet.go:81.27,83.3 1 2
github.com/MGerasimchuk/bet-api/internal/domain/model/bet.go:88.37,90.33 2 8
github.com/MGerasimchuk/bet-api/internal/domain/model/bet.go:96.2,96.124 1 2
github.com/MGerasimchuk/bet-api/internal/domain/model/bet.go:90.33,91.36 1 12
github.com/MGerasimchuk/bet-api/internal/domain/model/bet.go:91.36,93.4 1 6
github.com/MGerasimchuk/bet-api/internal/domain/model/bet.go:99.38,100.19 1 8
github.com/MGerasimchuk/bet-api/internal/domain/model/bet.go:104.2,104.12 1 4
github.com/MGerasimchuk/bet-api/internal/domain/model/bet.go:100.19,102.3 1 4
github.com/MGerasimchuk/bet-api/internal/domain/model/transaction.go:28.109,38.2 1 4
github.com/MGerasimchuk/bet-api/internal/domain/model/transaction.go:40.35,42.2 1 2
github.com/MGerasimchuk/bet-api/internal/domain/model/transaction.go:44.42,46.2 1 2
github.com/MGerasimchuk/bet-api/internal/domain/model/transaction.go:48.40,50.2 1 2
github.com/MGerasimchuk/bet-api/internal/domain/model/transaction.go:52.39,54.2 1 2
github.com/MGerasimchuk/bet-api/internal/domain/model/transaction.go:56.48,59.2 2 2
github.com/MGerasimchuk/bet-api/internal/domain/model/transaction.go:61.39,63.2 1 2
github.com/MGerasimchuk/bet-api/internal/domain/model/transaction.go:65.45,67.2 1 2
github.com/MGerasimchuk/bet-api/internal/domain/model/transaction.go:69.57,71.2 1 4
github.com/MGerasimchuk/bet-api/internal/domain/model/transaction.go:73.45,75.2 1 2
github.com/MGerasimchuk/bet-api/internal/domain/model/transaction.go:77.57,79.2 1 4
github.com/MGerasimchuk/bet-api/internal/domain/model/transaction.go:81.38,86.2 1 8
github.com/MGerasimchuk/bet-api/internal/domain/model/transaction.go:88.37,94.2 1 7
github.com/MGerasimchuk/bet-api/internal/domain/model/transaction.go:96.40,97.39 1 7
github.com/MGerasimchuk/bet-api/internal/domain/model/transaction.go:100.2,100.46 1 6
github.com/MGerasimchuk/bet-api/internal/domain/model/transaction.go:103.2,103.43 1 5
github.com/MGerasimchuk/bet-api/internal/domain/model/transaction.go:106.2,106.43 1 4
github.com/MGerasimchuk/bet-api/internal/domain/model/transaction.go:109.2,109.43 1 3
github.com/MGerasimchuk/bet-api/internal/domain/model/transaction.go:113.2,113.12 1 2
github.com/MGerasimchuk/bet-api/internal/domain/model/transaction.go:97.39,99.3 1 1
github.com/MGerasimchuk/bet-api/internal/domain/model/transaction.go:100.46,102.3 1 1
github.com/MGerasimchuk/bet-api/internal/domain/model/transaction.go:103.43,105.3 1 1
github.com/MGerasimchuk/bet-api/internal/domain/model/transaction.go:106.43,108.3 1 1
github.com/MGerasimchuk/bet-api/internal/domain/model/transaction.go:109.43,111.3 1 1
github.com/MGerasimchuk/bet-api/internal/domain/model/transaction.go:116.42,117.16 1 10
github.com/MGerasimchuk/bet-api/internal/domain/model/transaction.go:121.2,121.12 1 8
github.com/MGerasimchuk/bet-api/internal/domain/model/transaction.go:117.16,119.3 1 2
github.com/MGerasimchuk/bet-api/internal/domain/model/transaction.go:124.49,125.23 1 9
github.com/MGerasimchuk/bet-api/internal/domain/model/transaction.go:129.2,129.12 1 7
github.com/MGerasimchuk/bet-api/internal/domain/model/transaction.go:125.23,127.3 1 2
github.com/MGerasimchuk/bet-api/internal/domain/model/transaction.go:132.46,133.19 1 8
github.com/MGerasimchuk/bet-api/internal/domain/model/transaction.go:137.2,137.12 1 6
github.com/MGerasimchuk/bet-api/internal/domain/model/transaction.go:133.19,135.3 1 2
github.com/MGerasimchuk/bet-api/internal/domain/model/transaction.go:140.46,142.35 2 7
github.com/MGerasimchuk/bet-api/internal/domain/model/transaction.go:148.2,148.127 1 2
github.com/MGerasimchuk/bet-api/internal/domain/model/transaction.go:142.35,143.39 1 12
github.com/MGerasimchuk/bet-api/internal/domain/model/transaction.go:143.39,145.4 1 5
github.com/MGerasimchuk/bet-api/internal/domain/model/transaction.go:151.46,153.34 2 6
github.com/MGerasimchuk/bet-api/internal/domain/model/transaction.go:159.2,159.126 1 2
github.com/MGerasimchuk/bet-api/internal/domain/model/transaction.go:153.34,154.38 1 12
github.com/MGerasimchuk/bet-api/internal/domain/model/transaction.go:154.38,156.4 1 4
github.com/MGerasimchuk/bet-api/internal/domain/service/change_account_balance.go:12.178,14.2 1 0
github.com/MGerasimchuk/bet-api/internal/domain/service/change_account_balance.go:16.160,19.83 2 4
github.com/MGerasimchuk/bet-api/internal/domain/service/change_account_balance.go:23.2,23.133 1 4
github.com/MGerasimchuk/bet-api/internal/domain/service/change_account_balance.go:27.2,28.37 2 3
github.com/MGerasimchuk/bet-api/internal/domain/service/change_account_balance.go:32.2,32.103 1 1
github.com/MGerasimchuk/bet-api/internal/domain/service/change_account_balance.go:36.2,36.70 1 1
github.com/MGerasimchuk/bet-api/internal/domain/service/change_account_balance.go:19.83,21.3 1 0
github.com/MGerasimchuk/bet-api/internal/domain/service/change_account_balance.go:23.133,25.3 1 1
github.com/MGerasimchuk/bet-api/internal/domain/service/change_account_balance.go:28.37,30.3 1 2
github.com/MGerasimchuk/bet-api/internal/domain/service/change_account_balance.go:32.103,34.3 1 0
github.com/MGerasimchuk/bet-api/internal/domain/service/change_account_balance.go:39.160,42.83 2 2
github.com/MGerasimchuk/bet-api/internal/domain/service/change_account_balance.go:46.2,46.133 1 2
github.com/MGerasimchuk/bet-api/internal/domain/service/change_account_balance.go:50.2,51.37 2 1
github.com/MGerasimchuk/bet-api/internal/domain/service/change_account_balance.go:55.2,55.103 1 1
github.com/MGerasimchuk/bet-api/internal/domain/service/change_account_balance.go:59.2,59.70 1 1
github.com/MGerasimchuk/bet-api/internal/domain/service/change_account_balance.go:42.83,44.3 1 0
github.com/MGerasimchuk/bet-api/internal/domain/service/change_account_balance.go:46.133,48.3 1 1
github.com/MGerasimchuk/bet-api/internal/domain/service/change_account_balance.go:51.37,53.3 1 0
github.com/MGerasimchuk/bet-api/internal/domain/service/change_account_balance.go:55.103,57.3 1 0
github.com/MGerasimchuk/bet-api/internal/domain/service/change_account_balance.go:62.95,65.83 2 0
github.com/MGerasimchuk/bet-api/internal/domain/service/change_account_balance.go:69.2,70.16 2 0
github.com/MGerasimchuk/bet-api/internal/domain/service/change_account_balance.go:74.2,74.136 1 0
github.com/MGerasimchuk/bet-api/internal/domain/service/change_account_balance.go:78.2,78.152 1 0
github.com/MGerasimchuk/bet-api/internal/domain/service/change_account_balance.go:82.2,82.70 1 0
github.com/MGerasimchuk/bet-api/internal/domain/service/change_account_balance.go:65.83,67.3 1 0
github.com/MGerasimchuk/bet-api/internal/domain/service/change_account_balance.go:70.16,72.3 1 0
github.com/MGerasimchuk/bet-api/internal/domain/service/change_account_balance.go:74.136,76.3 1 0
github.com/MGerasimchuk/bet-api/internal/domain/service/change_account_balance.go:78.152,80.3 1 0
